<?xml version="1.0" encoding="UTF-8"?>
<robot generator="Robot 3.1.2 (Python 3.7.4 on darwin)" generated="20190719 17:22:20.542" rpa="false">
<suite id="s1" name="Teste TDC" source="/Users/luan.linares/Projetos/SuiteSiteTestePractice/Tests">
<suite id="s1-s1" name="TestSitePractice" source="/Users/luan.linares/Projetos/SuiteSiteTestePractice/Tests/TestSitePractice.robot">
<test id="s1-s1-t1" name="Caso de Teste 01: Pesquisar produto existente">
<kw name="Abrir navegador" library="Resource" type="setup">
<kw name="Open Browser" library="SeleniumLibrary">
<doc>Opens a new browser instance to the given ``url``.</doc>
<arguments>
<arg>about:blank</arg>
<arg>${BROWSER}</arg>
</arguments>
<msg timestamp="20190719 17:22:20.828" level="INFO">Opening browser 'chrome' to base url 'about:blank'.</msg>
<status status="PASS" starttime="20190719 17:22:20.828" endtime="20190719 17:22:22.882"></status>
</kw>
<kw name="Maximize Browser Window" library="SeleniumLibrary">
<doc>Maximizes current browser window.</doc>
<status status="PASS" starttime="20190719 17:22:22.883" endtime="20190719 17:22:23.016"></status>
</kw>
<status status="PASS" starttime="20190719 17:22:20.827" endtime="20190719 17:22:23.016"></status>
</kw>
<kw name="Acessar a página home do site" library="Resource">
<kw name="Go To" library="SeleniumLibrary">
<doc>Navigates the active browser instance to the provided ``url``.</doc>
<arguments>
<arg>${URL}</arg>
</arguments>
<msg timestamp="20190719 17:22:23.017" level="INFO">Opening url 'http://automationpractice.com'</msg>
<status status="PASS" starttime="20190719 17:22:23.017" endtime="20190719 17:22:44.952"></status>
</kw>
<kw name="Title Should Be" library="SeleniumLibrary">
<doc>Verifies that current page title equals ``title``.</doc>
<arguments>
<arg>My Store</arg>
</arguments>
<msg timestamp="20190719 17:22:44.958" level="INFO">Page title is 'My Store'.</msg>
<status status="PASS" starttime="20190719 17:22:44.953" endtime="20190719 17:22:44.958"></status>
</kw>
<status status="PASS" starttime="20190719 17:22:23.017" endtime="20190719 17:22:44.959"></status>
</kw>
<kw name="Digitar o nome do produto &quot;Blouse&quot; no campo de pesquisa" library="Resource">
<kw name="Input Text" library="SeleniumLibrary">
<doc>Types the given ``text`` into text field identified by ``locator``.</doc>
<arguments>
<arg>name=search_query</arg>
<arg>${PRODUTO}</arg>
</arguments>
<msg timestamp="20190719 17:22:44.959" level="INFO">Typing text 'Blouse' into text field 'name=search_query'.</msg>
<status status="PASS" starttime="20190719 17:22:44.959" endtime="20190719 17:22:45.061"></status>
</kw>
<status status="PASS" starttime="20190719 17:22:44.959" endtime="20190719 17:22:45.061"></status>
</kw>
<kw name="Clicar no botão pesquisar" library="Resource">
<kw name="Click Element" library="SeleniumLibrary">
<doc>Click element identified by ``locator``.</doc>
<arguments>
<arg>name=submit_search</arg>
</arguments>
<msg timestamp="20190719 17:22:45.062" level="INFO">Clicking element 'name=submit_search'.</msg>
<status status="PASS" starttime="20190719 17:22:45.062" endtime="20190719 17:22:46.554"></status>
</kw>
<status status="PASS" starttime="20190719 17:22:45.062" endtime="20190719 17:22:46.554"></status>
</kw>
<kw name="Conferir se o produto &quot;Blouse&quot; foi listado no site" library="Resource">
<kw name="Wait Until Element Is Visible" library="SeleniumLibrary">
<doc>Waits until element ``locator`` is visible.</doc>
<arguments>
<arg>css=#center_column &gt; h1</arg>
</arguments>
<status status="PASS" starttime="20190719 17:22:46.555" endtime="20190719 17:22:46.574"></status>
</kw>
<kw name="Title Should Be" library="SeleniumLibrary">
<doc>Verifies that current page title equals ``title``.</doc>
<arguments>
<arg>Search - My Store</arg>
</arguments>
<msg timestamp="20190719 17:22:46.578" level="INFO">Page title is 'Search - My Store'.</msg>
<status status="PASS" starttime="20190719 17:22:46.574" endtime="20190719 17:22:46.578"></status>
</kw>
<kw name="Page Should Contain Image" library="SeleniumLibrary">
<doc>Verifies image identified by ``locator`` is found from current page.</doc>
<arguments>
<arg>xpath=//*[@id="center_column"]//*[@src='${URL}/img/p/7/7-home_default.jpg']</arg>
</arguments>
<msg timestamp="20190719 17:22:46.590" level="INFO">Current page contains image 'xpath=//*[@id="center_column"]//*[@src='http://automationpractice.com/img/p/7/7-home_default.jpg']'.</msg>
<status status="PASS" starttime="20190719 17:22:46.578" endtime="20190719 17:22:46.591"></status>
</kw>
<kw name="Page Should Contain Link" library="SeleniumLibrary">
<doc>Verifies link identified by ``locator`` is found from current page.</doc>
<arguments>
<arg>xpath=//*[@id="center_column"]//a[@class="product-name"][contains(text(),"${PRODUTO}")]</arg>
</arguments>
<msg timestamp="20190719 17:22:46.603" level="INFO">Current page contains link 'xpath=//*[@id="center_column"]//a[@class="product-name"][contains(text(),"Blouse")]'.</msg>
<status status="PASS" starttime="20190719 17:22:46.591" endtime="20190719 17:22:46.603"></status>
</kw>
<status status="PASS" starttime="20190719 17:22:46.554" endtime="20190719 17:22:46.603"></status>
</kw>
<kw name="Fechar navegador" library="Resource" type="teardown">
<kw name="Close Browser" library="SeleniumLibrary">
<doc>Closes the current browser.</doc>
<status status="PASS" starttime="20190719 17:22:46.603" endtime="20190719 17:22:46.683"></status>
</kw>
<status status="PASS" starttime="20190719 17:22:46.603" endtime="20190719 17:22:46.684"></status>
</kw>
<status status="PASS" starttime="20190719 17:22:20.826" endtime="20190719 17:22:46.684" critical="yes"></status>
</test>
<test id="s1-s1-t2" name="Caso de Teste 02: Pesquisar produto não existente">
<kw name="Abrir navegador" library="Resource" type="setup">
<kw name="Open Browser" library="SeleniumLibrary">
<doc>Opens a new browser instance to the given ``url``.</doc>
<arguments>
<arg>about:blank</arg>
<arg>${BROWSER}</arg>
</arguments>
<msg timestamp="20190719 17:22:46.687" level="INFO">Opening browser 'chrome' to base url 'about:blank'.</msg>
<status status="PASS" starttime="20190719 17:22:46.686" endtime="20190719 17:22:48.695"></status>
</kw>
<kw name="Maximize Browser Window" library="SeleniumLibrary">
<doc>Maximizes current browser window.</doc>
<status status="PASS" starttime="20190719 17:22:48.695" endtime="20190719 17:22:48.827"></status>
</kw>
<status status="PASS" starttime="20190719 17:22:46.686" endtime="20190719 17:22:48.828"></status>
</kw>
<kw name="Acessar a página home do site" library="Resource">
<kw name="Go To" library="SeleniumLibrary">
<doc>Navigates the active browser instance to the provided ``url``.</doc>
<arguments>
<arg>${URL}</arg>
</arguments>
<msg timestamp="20190719 17:22:48.829" level="INFO">Opening url 'http://automationpractice.com'</msg>
<status status="PASS" starttime="20190719 17:22:48.828" endtime="20190719 17:23:01.474"></status>
</kw>
<kw name="Title Should Be" library="SeleniumLibrary">
<doc>Verifies that current page title equals ``title``.</doc>
<arguments>
<arg>My Store</arg>
</arguments>
<msg timestamp="20190719 17:23:01.479" level="INFO">Page title is 'My Store'.</msg>
<status status="PASS" starttime="20190719 17:23:01.474" endtime="20190719 17:23:01.479"></status>
</kw>
<status status="PASS" starttime="20190719 17:22:48.828" endtime="20190719 17:23:01.479"></status>
</kw>
<kw name="Digitar o nome do produto &quot;itemNãoExistente&quot; no campo de pesquisa" library="Resource">
<kw name="Input Text" library="SeleniumLibrary">
<doc>Types the given ``text`` into text field identified by ``locator``.</doc>
<arguments>
<arg>name=search_query</arg>
<arg>${PRODUTO}</arg>
</arguments>
<msg timestamp="20190719 17:23:01.480" level="INFO">Typing text 'itemNãoExistente' into text field 'name=search_query'.</msg>
<status status="PASS" starttime="20190719 17:23:01.480" endtime="20190719 17:23:01.618"></status>
</kw>
<status status="PASS" starttime="20190719 17:23:01.479" endtime="20190719 17:23:01.619"></status>
</kw>
<kw name="Clicar no botão pesquisar" library="Resource">
<kw name="Click Element" library="SeleniumLibrary">
<doc>Click element identified by ``locator``.</doc>
<arguments>
<arg>name=submit_search</arg>
</arguments>
<msg timestamp="20190719 17:23:01.619" level="INFO">Clicking element 'name=submit_search'.</msg>
<status status="PASS" starttime="20190719 17:23:01.619" endtime="20190719 17:23:03.339"></status>
</kw>
<status status="PASS" starttime="20190719 17:23:01.619" endtime="20190719 17:23:03.339"></status>
</kw>
<kw name="Conferir mensagem de erro &quot;No results were found for your search &quot;itemNãoExistente&quot;&quot;" library="Resource">
<kw name="Wait Until Element Is Visible" library="SeleniumLibrary">
<doc>Waits until element ``locator`` is visible.</doc>
<arguments>
<arg>xpath=//*[@id="center_column"]/p[@class='alert alert-warning']</arg>
</arguments>
<status status="PASS" starttime="20190719 17:23:03.340" endtime="20190719 17:23:03.360"></status>
</kw>
<kw name="Element Text Should Be" library="SeleniumLibrary">
<doc>Verifies that element ``locator`` contains exact text ``expected``.</doc>
<arguments>
<arg>xpath=//*[@id="center_column"]/p[@class='alert alert-warning']</arg>
<arg>${MENSAGEM_ALERTA}</arg>
</arguments>
<msg timestamp="20190719 17:23:03.360" level="INFO">Verifying element 'xpath=//*[@id="center_column"]/p[@class='alert alert-warning']' contains exact text 'No results were found for your search "itemNãoExistente"'.</msg>
<status status="PASS" starttime="20190719 17:23:03.360" endtime="20190719 17:23:03.378"></status>
</kw>
<status status="PASS" starttime="20190719 17:23:03.339" endtime="20190719 17:23:03.378"></status>
</kw>
<kw name="Fechar navegador" library="Resource" type="teardown">
<kw name="Close Browser" library="SeleniumLibrary">
<doc>Closes the current browser.</doc>
<status status="PASS" starttime="20190719 17:23:03.379" endtime="20190719 17:23:03.459"></status>
</kw>
<status status="PASS" starttime="20190719 17:23:03.378" endtime="20190719 17:23:03.459"></status>
</kw>
<status status="PASS" starttime="20190719 17:22:46.685" endtime="20190719 17:23:03.459" critical="yes"></status>
</test>
<status status="PASS" starttime="20190719 17:22:20.569" endtime="20190719 17:23:03.461"></status>
</suite>
<suite id="s1-s2" name="TestSitePracticeBDD" source="/Users/luan.linares/Projetos/SuiteSiteTestePractice/Tests/TestSitePracticeBDD.robot">
<test id="s1-s2-t1" name="Cenário 01: Pesquisar produto existente">
<kw name="Abrir navegador" library="Resource" type="setup">
<kw name="Open Browser" library="SeleniumLibrary">
<doc>Opens a new browser instance to the given ``url``.</doc>
<arguments>
<arg>about:blank</arg>
<arg>${BROWSER}</arg>
</arguments>
<msg timestamp="20190719 17:23:03.471" level="INFO">Opening browser 'chrome' to base url 'about:blank'.</msg>
<status status="PASS" starttime="20190719 17:23:03.471" endtime="20190719 17:23:05.523"></status>
</kw>
<kw name="Maximize Browser Window" library="SeleniumLibrary">
<doc>Maximizes current browser window.</doc>
<status status="PASS" starttime="20190719 17:23:05.523" endtime="20190719 17:23:05.659"></status>
</kw>
<status status="PASS" starttime="20190719 17:23:03.470" endtime="20190719 17:23:05.659"></status>
</kw>
<kw name="Dado que estou na página home do site">
<kw name="Acessar a página home do site" library="Resource">
<kw name="Go To" library="SeleniumLibrary">
<doc>Navigates the active browser instance to the provided ``url``.</doc>
<arguments>
<arg>${URL}</arg>
</arguments>
<msg timestamp="20190719 17:23:05.660" level="INFO">Opening url 'http://automationpractice.com'</msg>
<status status="PASS" starttime="20190719 17:23:05.660" endtime="20190719 17:23:13.216"></status>
</kw>
<kw name="Title Should Be" library="SeleniumLibrary">
<doc>Verifies that current page title equals ``title``.</doc>
<arguments>
<arg>My Store</arg>
</arguments>
<msg timestamp="20190719 17:23:13.220" level="INFO">Page title is 'My Store'.</msg>
<status status="PASS" starttime="20190719 17:23:13.216" endtime="20190719 17:23:13.220"></status>
</kw>
<status status="PASS" starttime="20190719 17:23:05.660" endtime="20190719 17:23:13.220"></status>
</kw>
<status status="PASS" starttime="20190719 17:23:05.659" endtime="20190719 17:23:13.220"></status>
</kw>
<kw name="Quando eu pesquisar pelo produto &quot;Blouse&quot;">
<kw name="Digitar o nome do produto &quot;${PRODUTO}&quot; no campo de pesquisa" library="Resource">
<kw name="Input Text" library="SeleniumLibrary">
<doc>Types the given ``text`` into text field identified by ``locator``.</doc>
<arguments>
<arg>name=search_query</arg>
<arg>${PRODUTO}</arg>
</arguments>
<msg timestamp="20190719 17:23:13.221" level="INFO">Typing text 'Blouse' into text field 'name=search_query'.</msg>
<status status="PASS" starttime="20190719 17:23:13.221" endtime="20190719 17:23:13.329"></status>
</kw>
<status status="PASS" starttime="20190719 17:23:13.220" endtime="20190719 17:23:13.329"></status>
</kw>
<kw name="Clicar no botão pesquisar" library="Resource">
<kw name="Click Element" library="SeleniumLibrary">
<doc>Click element identified by ``locator``.</doc>
<arguments>
<arg>name=submit_search</arg>
</arguments>
<msg timestamp="20190719 17:23:13.330" level="INFO">Clicking element 'name=submit_search'.</msg>
<status status="PASS" starttime="20190719 17:23:13.330" endtime="20190719 17:23:14.707"></status>
</kw>
<status status="PASS" starttime="20190719 17:23:13.330" endtime="20190719 17:23:14.707"></status>
</kw>
<status status="PASS" starttime="20190719 17:23:13.220" endtime="20190719 17:23:14.708"></status>
</kw>
<kw name="Então o produto &quot;Blouse&quot; deve ser listado na página de resultado da busca">
<kw name="Conferir se o produto &quot;${PRODUTO}&quot; foi listado no site" library="Resource">
<kw name="Wait Until Element Is Visible" library="SeleniumLibrary">
<doc>Waits until element ``locator`` is visible.</doc>
<arguments>
<arg>css=#center_column &gt; h1</arg>
</arguments>
<status status="PASS" starttime="20190719 17:23:14.709" endtime="20190719 17:23:14.729"></status>
</kw>
<kw name="Title Should Be" library="SeleniumLibrary">
<doc>Verifies that current page title equals ``title``.</doc>
<arguments>
<arg>Search - My Store</arg>
</arguments>
<msg timestamp="20190719 17:23:14.732" level="INFO">Page title is 'Search - My Store'.</msg>
<status status="PASS" starttime="20190719 17:23:14.729" endtime="20190719 17:23:14.733"></status>
</kw>
<kw name="Page Should Contain Image" library="SeleniumLibrary">
<doc>Verifies image identified by ``locator`` is found from current page.</doc>
<arguments>
<arg>xpath=//*[@id="center_column"]//*[@src='${URL}/img/p/7/7-home_default.jpg']</arg>
</arguments>
<msg timestamp="20190719 17:23:14.746" level="INFO">Current page contains image 'xpath=//*[@id="center_column"]//*[@src='http://automationpractice.com/img/p/7/7-home_default.jpg']'.</msg>
<status status="PASS" starttime="20190719 17:23:14.733" endtime="20190719 17:23:14.746"></status>
</kw>
<kw name="Page Should Contain Link" library="SeleniumLibrary">
<doc>Verifies link identified by ``locator`` is found from current page.</doc>
<arguments>
<arg>xpath=//*[@id="center_column"]//a[@class="product-name"][contains(text(),"${PRODUTO}")]</arg>
</arguments>
<msg timestamp="20190719 17:23:14.758" level="INFO">Current page contains link 'xpath=//*[@id="center_column"]//a[@class="product-name"][contains(text(),"Blouse")]'.</msg>
<status status="PASS" starttime="20190719 17:23:14.746" endtime="20190719 17:23:14.758"></status>
</kw>
<status status="PASS" starttime="20190719 17:23:14.709" endtime="20190719 17:23:14.758"></status>
</kw>
<status status="PASS" starttime="20190719 17:23:14.708" endtime="20190719 17:23:14.758"></status>
</kw>
<kw name="Fechar navegador" library="Resource" type="teardown">
<kw name="Close Browser" library="SeleniumLibrary">
<doc>Closes the current browser.</doc>
<status status="PASS" starttime="20190719 17:23:14.759" endtime="20190719 17:23:14.836"></status>
</kw>
<status status="PASS" starttime="20190719 17:23:14.758" endtime="20190719 17:23:14.836"></status>
</kw>
<status status="PASS" starttime="20190719 17:23:03.470" endtime="20190719 17:23:14.836" critical="yes"></status>
</test>
<test id="s1-s2-t2" name="Cenário 02: Pesquisar produto não existente">
<kw name="Abrir navegador" library="Resource" type="setup">
<kw name="Open Browser" library="SeleniumLibrary">
<doc>Opens a new browser instance to the given ``url``.</doc>
<arguments>
<arg>about:blank</arg>
<arg>${BROWSER}</arg>
</arguments>
<msg timestamp="20190719 17:23:14.839" level="INFO">Opening browser 'chrome' to base url 'about:blank'.</msg>
<status status="PASS" starttime="20190719 17:23:14.838" endtime="20190719 17:23:16.939"></status>
</kw>
<kw name="Maximize Browser Window" library="SeleniumLibrary">
<doc>Maximizes current browser window.</doc>
<status status="PASS" starttime="20190719 17:23:16.939" endtime="20190719 17:23:17.075"></status>
</kw>
<status status="PASS" starttime="20190719 17:23:14.838" endtime="20190719 17:23:17.075"></status>
</kw>
<kw name="Dado que estou na página home do site">
<kw name="Acessar a página home do site" library="Resource">
<kw name="Go To" library="SeleniumLibrary">
<doc>Navigates the active browser instance to the provided ``url``.</doc>
<arguments>
<arg>${URL}</arg>
</arguments>
<msg timestamp="20190719 17:23:17.077" level="INFO">Opening url 'http://automationpractice.com'</msg>
<status status="PASS" starttime="20190719 17:23:17.076" endtime="20190719 17:23:22.015"></status>
</kw>
<kw name="Title Should Be" library="SeleniumLibrary">
<doc>Verifies that current page title equals ``title``.</doc>
<arguments>
<arg>My Store</arg>
</arguments>
<msg timestamp="20190719 17:23:22.021" level="INFO">Page title is 'My Store'.</msg>
<status status="PASS" starttime="20190719 17:23:22.016" endtime="20190719 17:23:22.021"></status>
</kw>
<status status="PASS" starttime="20190719 17:23:17.076" endtime="20190719 17:23:22.021"></status>
</kw>
<status status="PASS" starttime="20190719 17:23:17.076" endtime="20190719 17:23:22.021"></status>
</kw>
<kw name="Quando eu pesquisar pelo produto &quot;itemNãoExistente&quot;">
<kw name="Digitar o nome do produto &quot;${PRODUTO}&quot; no campo de pesquisa" library="Resource">
<kw name="Input Text" library="SeleniumLibrary">
<doc>Types the given ``text`` into text field identified by ``locator``.</doc>
<arguments>
<arg>name=search_query</arg>
<arg>${PRODUTO}</arg>
</arguments>
<msg timestamp="20190719 17:23:22.022" level="INFO">Typing text 'itemNãoExistente' into text field 'name=search_query'.</msg>
<status status="PASS" starttime="20190719 17:23:22.022" endtime="20190719 17:23:22.159"></status>
</kw>
<status status="PASS" starttime="20190719 17:23:22.022" endtime="20190719 17:23:22.159"></status>
</kw>
<kw name="Clicar no botão pesquisar" library="Resource">
<kw name="Click Element" library="SeleniumLibrary">
<doc>Click element identified by ``locator``.</doc>
<arguments>
<arg>name=submit_search</arg>
</arguments>
<msg timestamp="20190719 17:23:22.160" level="INFO">Clicking element 'name=submit_search'.</msg>
<status status="PASS" starttime="20190719 17:23:22.160" endtime="20190719 17:23:23.620"></status>
</kw>
<status status="PASS" starttime="20190719 17:23:22.159" endtime="20190719 17:23:23.621"></status>
</kw>
<status status="PASS" starttime="20190719 17:23:22.021" endtime="20190719 17:23:23.621"></status>
</kw>
<kw name="Então a página deve exibir a mensagem &quot;No results were found for your search &quot;itemNãoExistente&quot;&quot;">
<kw name="Conferir mensagem de erro &quot;${MENSAGEM_ALERTA}&quot;" library="Resource">
<kw name="Wait Until Element Is Visible" library="SeleniumLibrary">
<doc>Waits until element ``locator`` is visible.</doc>
<arguments>
<arg>xpath=//*[@id="center_column"]/p[@class='alert alert-warning']</arg>
</arguments>
<status status="PASS" starttime="20190719 17:23:23.622" endtime="20190719 17:23:23.643"></status>
</kw>
<kw name="Element Text Should Be" library="SeleniumLibrary">
<doc>Verifies that element ``locator`` contains exact text ``expected``.</doc>
<arguments>
<arg>xpath=//*[@id="center_column"]/p[@class='alert alert-warning']</arg>
<arg>${MENSAGEM_ALERTA}</arg>
</arguments>
<msg timestamp="20190719 17:23:23.643" level="INFO">Verifying element 'xpath=//*[@id="center_column"]/p[@class='alert alert-warning']' contains exact text 'No results were found for your search "itemNãoExistente"'.</msg>
<status status="PASS" starttime="20190719 17:23:23.643" endtime="20190719 17:23:23.660"></status>
</kw>
<status status="PASS" starttime="20190719 17:23:23.622" endtime="20190719 17:23:23.660"></status>
</kw>
<status status="PASS" starttime="20190719 17:23:23.621" endtime="20190719 17:23:23.660"></status>
</kw>
<kw name="Fechar navegador" library="Resource" type="teardown">
<kw name="Close Browser" library="SeleniumLibrary">
<doc>Closes the current browser.</doc>
<status status="PASS" starttime="20190719 17:23:23.661" endtime="20190719 17:23:23.737"></status>
</kw>
<status status="PASS" starttime="20190719 17:23:23.660" endtime="20190719 17:23:23.737"></status>
</kw>
<status status="PASS" starttime="20190719 17:23:14.837" endtime="20190719 17:23:23.737" critical="yes"></status>
</test>
<status status="PASS" starttime="20190719 17:23:03.463" endtime="20190719 17:23:23.739"></status>
</suite>
<status status="PASS" starttime="20190719 17:22:20.544" endtime="20190719 17:23:23.742"></status>
</suite>
<statistics>
<total>
<stat pass="4" fail="0">Critical Tests</stat>
<stat pass="4" fail="0">All Tests</stat>
</total>
<tag>
</tag>
<suite>
<stat pass="4" fail="0" id="s1" name="Teste TDC">Teste TDC</stat>
<stat pass="2" fail="0" id="s1-s1" name="TestSitePractice">Teste TDC.TestSitePractice</stat>
<stat pass="2" fail="0" id="s1-s2" name="TestSitePracticeBDD">Teste TDC.TestSitePracticeBDD</stat>
</suite>
</statistics>
<errors>
</errors>
</robot>
